<?xml version="1.0" encoding="UTF-8"?>
<robot generator="Robot 5.0.1 (Python 3.10.4 on win32)" generated="20220609 09:14:43.560" rpa="false" schemaversion="3">
<suite id="s1" name="Robot Day2" source="D:\Advance_Robot_Python\Robot Framework_1_Variables\robot_day2.robot">
<test id="s1-t1" name="Test Data" line="12">
<kw name="Log To Console" library="BuiltIn">
<arg>\n${scalar}</arg>
<doc>Logs the given message to the console.</doc>
<status status="PASS" starttime="20220609 09:14:43.590" endtime="20220609 09:14:43.591"/>
</kw>
<kw name="Log To Console" library="BuiltIn">
<arg>\n${List1}</arg>
<doc>Logs the given message to the console.</doc>
<status status="PASS" starttime="20220609 09:14:43.591" endtime="20220609 09:14:43.592"/>
</kw>
<kw name="Log To Console" library="BuiltIn">
<arg>\n${List1}[1]</arg>
<doc>Logs the given message to the console.</doc>
<status status="PASS" starttime="20220609 09:14:43.592" endtime="20220609 09:14:43.592"/>
</kw>
<kw name="Log To Console" library="BuiltIn">
<arg>\n${dict}</arg>
<doc>Logs the given message to the console.</doc>
<status status="PASS" starttime="20220609 09:14:43.593" endtime="20220609 09:14:43.593"/>
</kw>
<kw name="Log To Console" library="BuiltIn">
<arg>\n${dict}[key1]</arg>
<doc>Logs the given message to the console.</doc>
<status status="PASS" starttime="20220609 09:14:43.593" endtime="20220609 09:14:43.593"/>
</kw>
<kw name="Create List" library="BuiltIn">
<var>${test}</var>
<arg>Test</arg>
<arg>2022</arg>
<doc>Returns a list containing given items.</doc>
<msg timestamp="20220609 09:14:43.594" level="INFO">${test} = ['Test', '2022']</msg>
<status status="PASS" starttime="20220609 09:14:43.594" endtime="20220609 09:14:43.594"/>
</kw>
<kw name="Log To Console" library="BuiltIn">
<arg>\n${test}</arg>
<doc>Logs the given message to the console.</doc>
<status status="PASS" starttime="20220609 09:14:43.594" endtime="20220609 09:14:43.594"/>
</kw>
<kw name="Log To Console" library="BuiltIn">
<arg>\n${test}[0]</arg>
<doc>Logs the given message to the console.</doc>
<status status="PASS" starttime="20220609 09:14:43.594" endtime="20220609 09:14:43.595"/>
</kw>
<kw name="Log To Console" library="BuiltIn">
<arg>\n${test[0]}</arg>
<doc>Logs the given message to the console.</doc>
<status status="PASS" starttime="20220609 09:14:43.595" endtime="20220609 09:14:43.596"/>
</kw>
<kw name="Create Dictionary" library="BuiltIn">
<var>&amp;{dict2}</var>
<arg>ID1=test1</arg>
<arg>ID2=test2</arg>
<arg>ID3=test3</arg>
<doc>Creates and returns a dictionary based on the given ``items``.</doc>
<msg timestamp="20220609 09:14:43.596" level="INFO">&amp;{dict2} = { ID1=test1 | ID2=test2 | ID3=test3 }</msg>
<status status="PASS" starttime="20220609 09:14:43.596" endtime="20220609 09:14:43.596"/>
</kw>
<kw name="Log To Console" library="BuiltIn">
<arg>\n${dict2}</arg>
<doc>Logs the given message to the console.</doc>
<status status="PASS" starttime="20220609 09:14:43.597" endtime="20220609 09:14:43.597"/>
</kw>
<kw name="Log To Console" library="BuiltIn">
<arg>\n${dict2}[ID3]</arg>
<doc>Logs the given message to the console.</doc>
<status status="PASS" starttime="20220609 09:14:43.597" endtime="20220609 09:14:43.598"/>
</kw>
<kw name="Log To Console" library="BuiltIn">
<arg>\n${dict2.ID3}</arg>
<doc>Logs the given message to the console.</doc>
<status status="PASS" starttime="20220609 09:14:43.598" endtime="20220609 09:14:43.599"/>
</kw>
<status status="PASS" starttime="20220609 09:14:43.590" endtime="20220609 09:14:43.599"/>
</test>
<status status="PASS" starttime="20220609 09:14:43.562" endtime="20220609 09:14:43.600"/>
</suite>
<statistics>
<total>
<stat pass="1" fail="0" skip="0">All Tests</stat>
</total>
<tag>
</tag>
<suite>
<stat pass="1" fail="0" skip="0" id="s1" name="Robot Day2">Robot Day2</stat>
</suite>
</statistics>
<errors>
</errors>
</robot>
